<?xml version="1.0" encoding="UTF-8"?>
<testng-results skipped="0" failed="0" total="1" passed="1">
  <reporter-output>
  </reporter-output>
  <suite name="Default suite" duration-ms="61" started-at="2019-05-16T15:57:15Z" finished-at="2019-05-16T15:57:15Z">
    <groups>
    </groups>
    <test name="Default test" duration-ms="61" started-at="2019-05-16T15:57:15Z" finished-at="2019-05-16T15:57:15Z">
      <class name="test_sample.TestNGtest">
        <test-method status="PASS" signature="test()[pri:0, instance:test_sample.TestNGtest@5cc7c2a6]" name="test" duration-ms="21" started-at="2019-05-16T21:27:15Z" finished-at="2019-05-16T21:27:15Z">
          <reporter-output>
          </reporter-output>
        </test-method> <!-- test -->
      </class> <!-- test_sample.TestNGtest -->
    </test> <!-- Default test -->
  </suite> <!-- Default suite -->
</testng-results>
